[www.metagistics.uk/index.html]
[backblue.gif]
[fade.gif]
[index.html]
[cdn.prod.website-files.com/62ff945f5599ab3128c8264e/css/webmetagistic.webflow.d5d57622c.css]
[ajax.googleapis.com/ajax/libs/webfont/1.6.26/webfont.js]
[cdn.prod.website-files.com/62ff945f5599ab3128c8264e/632860e3c5bca90d53ed1c10_favicon-32x32.png]
[cdn.prod.website-files.com/62ff945f5599ab3128c8264e/6328748f299f34266f3b21b3_fav d.png]
[connect.facebook.net/en_US/fbevents.js]
[code.jquery.com/jquery-3.7.0.min.js]
[cdnjs.cloudflare.com/ajax/libs/intl-tel-input/17.0.12/css/intlTelInput.min.css]
[cdn.prod.website-files.com/62ff945f5599ab3128c8264e/6317b0aac6a801c6186a1812_xlogo mtgst.png]
[www.metagistics.uk/form.html]
[cdn.prod.website-files.com/62ff945f5599ab3128c8264e/6307bdacbe6247ed95a72567_xM_00.png]
[cdn.prod.website-files.com/62ff945f5599ab3128c8264e/6300e61d7c69a272b7596abc_w2.png]
[cdn.prod.website-files.com/62ff945f5599ab3128c8264e/6311154303087d6d32333932_npg.png]
[cdn.prod.website-files.com/62ff945f5599ab3128c8264e/6307bc0023f81775ae758804_M_02.png]
[cdn.prod.website-files.com/62ff945f5599ab3128c8264e/6307bc00634c24ce47d1f42f_M_01.png]
[cdn.prod.website-files.com/62ff945f5599ab3128c8264e/6307bc001142abe87c17a990_M_03.png]
[cdn.prod.website-files.com/62ff945f5599ab3128c8264e/6300be0e2da10fa8745f453c_x03.png]
[cdn.prod.website-files.com/62ff945f5599ab3128c8264e/6300be0e2e6fcd67cffcafff_x01.png]
[cdn.prod.website-files.com/62ff945f5599ab3128c8264e/6300be0e510a1874aeb235ce_x02.png]
[cdn.prod.website-files.com/62ff945f5599ab3128c8264e/6310b1f581e79c0e764bfbb0_image-4.png]
[cdn.prod.website-files.com/62ff945f5599ab3128c8264e/6311165baa490acc2d289af0_image-3.png]
[cdn.prod.website-files.com/62ff945f5599ab3128c8264e/6311166fc42bad6e817c1056_BIFA_welcomes_investigation_.png]
[cdn.prod.website-files.com/62ff945f5599ab3128c8264e/6317c063164b3056d45c725b_p1.png]
[cdn.prod.website-files.com/62ff945f5599ab3128c8264e/6317c0884f7f0d1ac1524819_p2.png]
[cdn.prod.website-files.com/62ff945f5599ab3128c8264e/6317c095a57dcb9f4355b939_p3.png]
[cdn.prod.website-files.com/62ff945f5599ab3128c8264e/6317c132f263b61dc661c6f4_p4.png]
[cdn.prod.website-files.com/62ff945f5599ab3128c8264e/6318b386ee756a2af14085e8_p5.png]
[cdn.prod.website-files.com/62ff945f5599ab3128c8264e/631f24f5fc78777a93791752_p7.png]
[cdn.prod.website-files.com/62ff945f5599ab3128c8264e/63134040d59581018db0deeb_WhatsAppButtonGreenLarge.png]
[d3e54v103j8qbb.cloudfront.net/js/jquery-3.5.1.min.dc5e7f18c8b084.js]
[cdn.prod.website-files.com/62ff945f5599ab3128c8264e/js/webflow.82333a6f5.js]
[cdnjs.cloudflare.com/ajax/libs/intl-tel-input/17.0.12/js/intlTelInput.min.js]
[www.metagistics.uk/index.html]
[cdnjs.cloudflare.com/ajax/libs/intl-tel-input/17.0.12/js/utils.min.js]
[uploads-ssl.webflow.com/62ff945f5599ab3128c8264e/6307a8ea18bcfd369f785ba0_back 003.png]
[uploads-ssl.webflow.com/62ff945f5599ab3128c8264e/6314e3e0fac8ee2ec2c81075_back-2.png]
[cdn.prod.website-files.com/62ff945f5599ab3128c8264e/css/webmetagistic.webflow.d5d57622c.css]
[connect.facebook.net/en_US/fbevents.js]
[cdnjs.cloudflare.com/ajax/libs/intl-tel-input/17.0.12/img/flags.png]
[cdnjs.cloudflare.com/ajax/libs/intl-tel-input/17.0.12/css/intlTelInput.min.css]
[www.metagistics.uk/form.html]
[cdnjs.cloudflare.com/ajax/libs/intl-tel-input/17.0.12/img/flags@2x.png]
[www.metagistics.uk/schema.org/index.html]
[www.metagistics.uk/a.html]
[www.metagistics.uk/POST.html]
[www.metagistics.uk/b.html]
[www.metagistics.uk/signals/iwl.html]
[www.metagistics.uk/schema.html]
